<?xml version="1.0" encoding="UTF-8"?>
<!-- Generated by org.testng.reporters.JUnitReportReporter -->
<testsuite skipped="0" hostname="DESKTOP-0P22N8N" name="nmbr.diamond.DashboardTest" tests="1" failures="0" timestamp="23 Nov 2018 07:17:09 GMT" time="0.002" errors="0">
  <testcase name="f" time="0.002" classname="nmbr.diamond.DashboardTest"/>
</testsuite> <!-- nmbr.diamond.DashboardTest -->
