<?xml version="1.0" encoding="UTF-8"?>
<!-- Generated by org.testng.reporters.JUnitReportReporter -->
<testsuite skipped="0" hostname="DESKTOP-0P22N8N" name="dia.masters.general.CommonTest" tests="1" failures="0" timestamp="23 Nov 2018 07:17:09 GMT" time="6.965" errors="0">
  <testcase name="commonTest" time="6.965" classname="dia.masters.general.CommonTest"/>
</testsuite> <!-- dia.masters.general.CommonTest -->
