<?xml version="1.0" encoding="UTF-8"?>
<!-- Generated by org.testng.reporters.JUnitReportReporter -->
<testsuite skipped="0" hostname="DESKTOP-0P22N8N" name="nmbr.diamond.DiamondLoginTest" tests="2" failures="0" timestamp="03 Dec 2018 09:44:12 GMT" time="6.491" errors="0">
  <testcase name="loginValidCredentialsTest" time="0.847" classname="nmbr.diamond.DiamondLoginTest"/>
  <testcase name="loginInvalidCredentialsTest" time="5.644" classname="nmbr.diamond.DiamondLoginTest"/>
</testsuite> <!-- nmbr.diamond.DiamondLoginTest -->
