<?xml version="1.0" encoding="UTF-8"?>
<!-- Generated by org.testng.reporters.JUnitReportReporter -->
<testsuite skipped="0" hostname="INA039004LL" name="nmbr.diamond.DiamondAutomation" tests="3" failures="0" timestamp="30 Aug 2018 12:01:36 GMT" time="55.144" errors="0">
  <testcase name="loginValidCredentials" time="1.212" classname="nmbr.diamond.DiamondAutomation"/>
  <testcase name="lauchDiamondApplication" time="53.912" classname="nmbr.diamond.DiamondAutomation"/>
  <testcase name="geoLocation" time="0.020" classname="nmbr.diamond.DiamondAutomation"/>
</testsuite> <!-- nmbr.diamond.DiamondAutomation -->
