<?xml version="1.0" encoding="UTF-8"?>
<!-- Generated by org.testng.reporters.JUnitReportReporter -->
<testsuite skipped="0" hostname="INA039004LL" name="nmbr.diamond.DiamondApp" tests="2" failures="0" timestamp="03 Sep 2018 11:46:21 GMT" time="45.047" errors="0">
  <testcase name="loginInvalidCredentialsTest" time="33.051" classname="nmbr.diamond.DiamondApp"/>
  <testcase name="loginValidCredentialsTest" time="11.996" classname="nmbr.diamond.DiamondApp"/>
</testsuite> <!-- nmbr.diamond.DiamondApp -->
