<?xml version="1.0" encoding="UTF-8"?>
<!-- Generated by org.testng.reporters.JUnitReportReporter -->
<testsuite skipped="0" hostname="DESKTOP-0P22N8N" name="nmbr.diamond.DiamondLaunchAndLoginTest" tests="1" failures="0" timestamp="23 Nov 2018 06:19:18 GMT" time="6.604" errors="0">
  <testcase name="loginInvalidAndValidCredentialsTest" time="6.604" classname="nmbr.diamond.DiamondLaunchAndLoginTest"/>
</testsuite> <!-- nmbr.diamond.DiamondLaunchAndLoginTest -->
