<?xml version="1.0" encoding="UTF-8"?>
<!-- Generated by org.testng.reporters.JUnitReportReporter -->
<testsuite skipped="0" hostname="DESKTOP-0P22N8N" name="dia.masters.company.PartyDetailsTest" tests="1" failures="0" timestamp="21 Nov 2018 09:28:08 GMT" time="0.001" errors="0">
  <testcase name="f" time="0.001" classname="dia.masters.company.PartyDetailsTest"/>
</testsuite> <!-- dia.masters.company.PartyDetailsTest -->
