<?xml version="1.0" encoding="UTF-8"?>
<!-- Generated by org.testng.reporters.JUnitReportReporter -->
<testsuite skipped="0" hostname="DESKTOP-0P22N8N" name="dia.masters.items.ProcessDetail" tests="1" failures="0" timestamp="21 Nov 2018 09:28:08 GMT" time="0.002" errors="0">
  <testcase name="f" time="0.002" classname="dia.masters.items.ProcessDetail"/>
</testsuite> <!-- dia.masters.items.ProcessDetail -->
