<?xml version="1.0" encoding="UTF-8"?>
<!-- Generated by org.testng.reporters.JUnitReportReporter -->
<testsuite skipped="0" hostname="DESKTOP-0P22N8N" name="dia.masters.general.GeoLocTest" tests="7" failures="0" timestamp="03 Dec 2018 09:44:12 GMT" time="103.334" errors="0">
  <testcase name="geoLocTest" time="9.030" classname="dia.masters.general.GeoLocTest"/>
  <testcase name="addGeoLocTest" time="4.666" classname="dia.masters.general.GeoLocTest"/>
  <testcase name="addZoneTest" time="0.107" classname="dia.masters.general.GeoLocTest"/>
  <testcase name="verifyAddZoneWithEmptyFieldsTest" time="41.235" classname="dia.masters.general.GeoLocTest"/>
  <testcase name="verifyZoneFieldLengthsTest" time="44.048" classname="dia.masters.general.GeoLocTest"/>
  <testcase name="verifyAddZoneTest" time="3.287" classname="dia.masters.general.GeoLocTest"/>
  <testcase name="editZoneTest" time="0.961" classname="dia.masters.general.GeoLocTest"/>
</testsuite> <!-- dia.masters.general.GeoLocTest -->
