<?xml version="1.0" encoding="UTF-8"?>
<!-- Generated by org.testng.reporters.JUnitReportReporter -->
<testsuite skipped="0" hostname="DESKTOP-0P22N8N" name="nmbr.diamond.DiamondTest" tests="2" failures="0" timestamp="16 Nov 2018 07:29:52 GMT" time="29.446" errors="0">
  <testcase name="launchDiamondApp" time="28.302" classname="nmbr.diamond.DiamondTest"/>
  <testcase name="verifyLaunchPage" time="1.144" classname="nmbr.diamond.DiamondTest"/>
</testsuite> <!-- nmbr.diamond.DiamondTest -->
